30/03/2022 00:26:44.955 | ERROR | main.py | <module> | Exception: Improper token has been passed.

30/03/2022 01:04:47.739 | INFO | main.py | on_disconnect | Bot disconnected
30/03/2022 01:04:47.740 | ERROR | main.py | <module> | Exception: Shard ID None is requesting privileged intents that have not been explicitly enabled in the developer portal. It is recommended to go to https://discord.com/developers/applications/ and explicitly enable the privileged intents within your application's page. If this is not possible, then consider disabling the privileged intents instead.

30/03/2022 01:08:37.628 | INFO | main.py | on_disconnect | Bot disconnected
30/03/2022 01:08:37.631 | ERROR | main.py | <module> | Exception: Shard ID None is requesting privileged intents that have not been explicitly enabled in the developer portal. It is recommended to go to https://discord.com/developers/applications/ and explicitly enable the privileged intents within your application's page. If this is not possible, then consider disabling the privileged intents instead.

30/03/2022 01:11:05.861 | INFO | main.py | on_disconnect | Bot disconnected
30/03/2022 01:11:05.864 | ERROR | main.py | <module> | Exception: Shard ID None is requesting privileged intents that have not been explicitly enabled in the developer portal. It is recommended to go to https://discord.com/developers/applications/ and explicitly enable the privileged intents within your application's page. If this is not possible, then consider disabling the privileged intents instead.

30/03/2022 01:11:58.559 | DEBUG | main.py | on_ready | Connected!
30/03/2022 01:11:58.559 | INFO | main.py | on_ready | MR Bill is ready (finished on_ready)
30/03/2022 01:11:58.559 | INFO | main.py | on_ready | MR Bill is ready (commencing on_ready)
30/03/2022 01:11:58.560 | INFO | main.py | on_ready | MR Bill is connected to the following guilds:
30/03/2022 01:11:58.560 | INFO | main.py | on_ready |     Arun Testing Co. (ID: 834213187468394517)
30/03/2022 01:11:58.560 | INFO | main.py | on_ready |     Arun Shipping Co. (ID: 870789318501871706)
30/03/2022 01:12:04.043 | DEBUG | main.py | on_message | Message sent by MUIArun
30/03/2022 01:12:25.519 | DEBUG | main.py | on_message | Message sent by MUIArun
30/03/2022 01:12:45.157 | DEBUG | main.py | on_message | Message sent by MUIArun
30/03/2022 01:13:09.387 | DEBUG | main.py | on_ready | Connected!
30/03/2022 01:13:09.387 | INFO | main.py | on_ready | MR Bill is ready (finished on_ready)
30/03/2022 01:13:09.388 | INFO | main.py | on_ready | MR Bill is ready (commencing on_ready)
30/03/2022 01:13:09.388 | INFO | main.py | on_ready | MR Bill is connected to the following guilds:
30/03/2022 01:13:09.388 | INFO | main.py | on_ready |     Arun Testing Co. (ID: 834213187468394517)
30/03/2022 01:13:09.388 | INFO | main.py | on_ready |     Arun Shipping Co. (ID: 870789318501871706)
30/03/2022 01:13:12.313 | DEBUG | main.py | on_message | Message sent by MUIArun
30/03/2022 01:15:59.151 | DEBUG | main.py | on_ready | Connected!
30/03/2022 01:15:59.152 | INFO | main.py | on_ready | MR Bill is ready (finished on_ready)
30/03/2022 01:15:59.152 | INFO | main.py | on_ready | MR Bill is ready (commencing on_ready)
30/03/2022 01:15:59.152 | INFO | main.py | on_ready | MR Bill is connected to the following guilds:
30/03/2022 01:15:59.152 | INFO | main.py | on_ready |     Arun Testing Co. (ID: 834213187468394517)
30/03/2022 01:15:59.152 | INFO | main.py | on_ready |     Arun Shipping Co. (ID: 870789318501871706)
30/03/2022 01:16:02.105 | DEBUG | main.py | on_message | Message sent by MUIArun
30/03/2022 01:16:12.795 | DEBUG | main.py | on_message | Message sent by MUIArun
30/03/2022 01:16:27.762 | DEBUG | main.py | on_ready | Connected!
30/03/2022 01:16:27.762 | INFO | main.py | on_ready | MR Bill is ready (finished on_ready)
30/03/2022 01:16:27.762 | INFO | main.py | on_ready | MR Bill is ready (commencing on_ready)
30/03/2022 01:16:27.762 | INFO | main.py | on_ready | MR Bill is connected to the following guilds:
30/03/2022 01:16:27.762 | INFO | main.py | on_ready |     Arun Testing Co. (ID: 834213187468394517)
30/03/2022 01:16:27.762 | INFO | main.py | on_ready |     Arun Shipping Co. (ID: 870789318501871706)
30/03/2022 01:16:31.238 | DEBUG | main.py | on_message | Message sent by MUIArun
30/03/2022 01:17:02.074 | DEBUG | main.py | on_ready | Connected!
30/03/2022 01:17:02.075 | INFO | main.py | on_ready | MR Bill is ready (finished on_ready)
30/03/2022 01:17:02.075 | INFO | main.py | on_ready | MR Bill is ready (commencing on_ready)
30/03/2022 01:17:02.075 | INFO | main.py | on_ready | MR Bill is connected to the following guilds:
30/03/2022 01:17:02.075 | INFO | main.py | on_ready |     Arun Testing Co. (ID: 834213187468394517)
30/03/2022 01:17:02.076 | INFO | main.py | on_ready |     Arun Shipping Co. (ID: 870789318501871706)
30/03/2022 01:17:03.806 | DEBUG | main.py | on_message | Message sent by MUIArun
30/03/2022 01:17:22.756 | DEBUG | main.py | on_ready | Connected!
30/03/2022 01:17:22.756 | INFO | main.py | on_ready | MR Bill is ready (finished on_ready)
30/03/2022 01:17:22.757 | INFO | main.py | on_ready | MR Bill is ready (commencing on_ready)
30/03/2022 01:17:22.757 | INFO | main.py | on_ready | MR Bill is connected to the following guilds:
30/03/2022 01:17:22.757 | INFO | main.py | on_ready |     Arun Testing Co. (ID: 834213187468394517)
30/03/2022 01:17:22.757 | INFO | main.py | on_ready |     Arun Shipping Co. (ID: 870789318501871706)
30/03/2022 01:17:25.320 | DEBUG | main.py | on_message | Message sent by MUIArun
30/03/2022 01:17:25.320 | INFO | main.py | on_message | `locate` called by MUIArun
30/03/2022 01:17:25.321 | DEBUG | main.py | get_uptime | Calculated uptime
30/03/2022 01:17:25.493 | DEBUG | main.py | on_message | Message sent by MR Bill
30/03/2022 01:17:36.510 | DEBUG | main.py | on_message | Message sent by MUIArun
30/03/2022 01:17:36.510 | INFO | main.py | on_message | `kill` called by MUIArun
30/03/2022 01:17:36.511 | DEBUG | main.py | get_uptime | Calculated uptime
30/03/2022 01:17:36.727 | DEBUG | main.py | on_message | Message sent by MR Bill
30/03/2022 01:17:36.761 | INFO | main.py | on_disconnect | Bot disconnected
30/03/2022 01:18:20.202 | DEBUG | main.py | on_ready | Connected!
30/03/2022 01:18:20.202 | INFO | main.py | on_ready | MR Bill is ready (finished on_ready)
30/03/2022 01:18:20.203 | INFO | main.py | on_ready | MR Bill is ready (commencing on_ready)
30/03/2022 01:18:20.203 | INFO | main.py | on_ready | MR Bill is connected to the following guilds:
30/03/2022 01:18:20.203 | INFO | main.py | on_ready |     Arun Testing Co. (ID: 834213187468394517)
30/03/2022 01:18:20.203 | INFO | main.py | on_ready |     Arun Shipping Co. (ID: 870789318501871706)
30/03/2022 01:18:23.840 | DEBUG | main.py | on_message | Message sent by MUIArun
30/03/2022 01:18:46.116 | DEBUG | main.py | on_message | Message sent by MUIArun
30/03/2022 01:18:46.277 | DEBUG | main.py | on_ready | Connected!
30/03/2022 01:18:46.278 | INFO | main.py | on_ready | MR Bill is ready (finished on_ready)
30/03/2022 01:18:46.278 | INFO | main.py | on_ready | MR Bill is ready (commencing on_ready)
30/03/2022 01:18:46.278 | INFO | main.py | on_ready | MR Bill is connected to the following guilds:
30/03/2022 01:18:46.278 | INFO | main.py | on_ready |     Arun Testing Co. (ID: 834213187468394517)
30/03/2022 01:18:46.279 | INFO | main.py | on_ready |     Arun Shipping Co. (ID: 870789318501871706)
30/03/2022 01:18:48.464 | DEBUG | main.py | on_message | Message sent by MUIArun
30/03/2022 01:18:48.464 | INFO | main.py | on_message | `locate` called by MUIArun
30/03/2022 01:18:48.465 | DEBUG | main.py | get_uptime | Calculated uptime
30/03/2022 01:18:48.627 | DEBUG | main.py | on_message | Message sent by MR Bill
30/03/2022 01:19:53.547 | DEBUG | main.py | on_ready | Connected!
30/03/2022 01:19:53.547 | INFO | main.py | on_ready | MR Bill is ready (finished on_ready)
30/03/2022 01:19:53.547 | INFO | main.py | on_ready | MR Bill is ready (commencing on_ready)
30/03/2022 01:19:53.547 | INFO | main.py | on_ready | MR Bill is connected to the following guilds:
30/03/2022 01:19:53.548 | INFO | main.py | on_ready |     Arun Testing Co. (ID: 834213187468394517)
30/03/2022 01:19:53.548 | INFO | main.py | on_ready |     Arun Shipping Co. (ID: 870789318501871706)
30/03/2022 01:19:54.462 | DEBUG | main.py | on_message | Message sent by MUIArun
30/03/2022 01:24:25.281 | DEBUG | main.py | on_ready | Connected!
30/03/2022 01:24:25.281 | INFO | main.py | on_ready | MR Bill is ready (finished on_ready)
30/03/2022 01:24:25.281 | INFO | main.py | on_ready | MR Bill is ready (commencing on_ready)
30/03/2022 01:24:25.281 | INFO | main.py | on_ready | MR Bill is connected to the following guilds:
30/03/2022 01:24:25.281 | INFO | main.py | on_ready |     Arun Testing Co. (ID: 834213187468394517)
30/03/2022 01:24:25.281 | INFO | main.py | on_ready |     Arun Shipping Co. (ID: 870789318501871706)
30/03/2022 01:24:27.187 | DEBUG | main.py | on_message | Message sent by MUIArun
30/03/2022 01:26:36.940 | DEBUG | main.py | on_ready | Connected!
30/03/2022 01:26:36.940 | INFO | main.py | on_ready | MR Bill is ready (finished on_ready)
30/03/2022 01:26:36.940 | INFO | main.py | on_ready | MR Bill is ready (commencing on_ready)
30/03/2022 01:26:36.940 | INFO | main.py | on_ready | MR Bill is connected to the following guilds:
30/03/2022 01:26:36.940 | INFO | main.py | on_ready |     Arun Testing Co. (ID: 834213187468394517)
30/03/2022 01:26:36.940 | INFO | main.py | on_ready |     Arun Shipping Co. (ID: 870789318501871706)
30/03/2022 01:26:38.402 | DEBUG | main.py | on_message | Message sent by MUIArun
30/03/2022 17:05:21.512 | DEBUG | main.py | on_ready | Connected!
30/03/2022 17:05:21.524 | INFO | main.py | on_ready | MR Bill is ready (finished on_ready)
30/03/2022 17:05:21.524 | INFO | main.py | on_ready | MR Bill is ready (commencing on_ready)
30/03/2022 17:05:21.524 | INFO | main.py | on_ready | MR Bill is connected to the following guilds:
30/03/2022 17:05:21.525 | INFO | main.py | on_ready |     Arun Testing Co. (ID: 834213187468394517)
30/03/2022 17:05:21.525 | INFO | main.py | on_ready |     Arun Shipping Co. (ID: 870789318501871706)
30/03/2022 17:06:21.068 | DEBUG | main.py | on_message | Message sent by MUIArun
30/03/2022 17:06:49.115 | DEBUG | main.py | on_message | Message sent by MUIArun
30/03/2022 17:07:05.174 | DEBUG | main.py | on_message | Message sent by MUIArun
30/03/2022 17:07:40.311 | DEBUG | main.py | on_ready | Connected!
30/03/2022 17:07:40.311 | INFO | main.py | on_ready | MR Bill is ready (finished on_ready)
30/03/2022 17:07:40.311 | INFO | main.py | on_ready | MR Bill is ready (commencing on_ready)
30/03/2022 17:07:40.311 | INFO | main.py | on_ready | MR Bill is connected to the following guilds:
30/03/2022 17:07:40.311 | INFO | main.py | on_ready |     Arun Testing Co. (ID: 834213187468394517)
30/03/2022 17:07:40.311 | INFO | main.py | on_ready |     Arun Shipping Co. (ID: 870789318501871706)
30/03/2022 17:07:43.783 | DEBUG | main.py | on_message | Message sent by MUIArun
30/03/2022 17:07:43.977 | DEBUG | main.py | on_message | Message sent by MR Bill
30/03/2022 17:07:52.905 | DEBUG | main.py | on_message | Message sent by MUIArun
30/03/2022 17:07:53.132 | DEBUG | main.py | on_message | Message sent by MR Bill
30/03/2022 17:07:58.832 | DEBUG | main.py | on_message | Message sent by MUIArun
30/03/2022 17:07:59.027 | DEBUG | main.py | on_message | Message sent by MR Bill
30/03/2022 17:08:04.380 | DEBUG | main.py | on_message | Message sent by MUIArun
30/03/2022 17:08:04.625 | DEBUG | main.py | on_message | Message sent by MR Bill
30/03/2022 17:08:53.762 | DEBUG | main.py | on_ready | Connected!
30/03/2022 17:08:53.762 | INFO | main.py | on_ready | MR Bill is ready (finished on_ready)
30/03/2022 17:08:53.762 | INFO | main.py | on_ready | MR Bill is ready (commencing on_ready)
30/03/2022 17:08:53.762 | INFO | main.py | on_ready | MR Bill is connected to the following guilds:
30/03/2022 17:08:53.762 | INFO | main.py | on_ready |     Arun Testing Co. (ID: 834213187468394517)
30/03/2022 17:08:53.762 | INFO | main.py | on_ready |     Arun Shipping Co. (ID: 870789318501871706)
30/03/2022 17:08:56.962 | DEBUG | main.py | on_message | Message sent by MUIArun
30/03/2022 17:08:57.134 | DEBUG | main.py | on_message | Message sent by MR Bill
30/03/2022 17:09:29.267 | DEBUG | main.py | on_ready | Connected!
30/03/2022 17:09:29.268 | INFO | main.py | on_ready | MR Bill is ready (finished on_ready)
30/03/2022 17:09:29.269 | INFO | main.py | on_ready | MR Bill is ready (commencing on_ready)
30/03/2022 17:09:29.269 | INFO | main.py | on_ready | MR Bill is connected to the following guilds:
30/03/2022 17:09:29.269 | INFO | main.py | on_ready |     Arun Testing Co. (ID: 834213187468394517)
30/03/2022 17:09:29.269 | INFO | main.py | on_ready |     Arun Shipping Co. (ID: 870789318501871706)
30/03/2022 17:09:34.024 | DEBUG | main.py | on_message | Message sent by MUIArun
30/03/2022 17:14:08.353 | INFO | main.py | on_disconnect | Bot disconnected
30/03/2022 17:14:16.375 | DEBUG | main.py | on_ready | Connected!
30/03/2022 17:14:16.376 | INFO | main.py | on_ready | Last disconnect was 2022-03-30 17:14:08.353726
30/03/2022 17:14:16.376 | INFO | main.py | on_ready | MR Bill is ready (finished on_ready)
30/03/2022 17:14:16.376 | INFO | main.py | on_ready | MR Bill is ready (commencing on_ready)
30/03/2022 17:14:16.376 | INFO | main.py | on_ready | MR Bill is connected to the following guilds:
30/03/2022 17:14:16.376 | INFO | main.py | on_ready |     Arun Testing Co. (ID: 834213187468394517)
30/03/2022 17:14:16.377 | INFO | main.py | on_ready |     Arun Shipping Co. (ID: 870789318501871706)
30/03/2022 17:15:53.510 | DEBUG | main.py | on_ready | Connected!
30/03/2022 17:15:53.510 | INFO | main.py | on_ready | MR Bill is ready (finished on_ready)
30/03/2022 17:15:53.510 | INFO | main.py | on_ready | MR Bill is ready (commencing on_ready)
30/03/2022 17:15:53.510 | INFO | main.py | on_ready | MR Bill is connected to the following guilds:
30/03/2022 17:15:53.510 | INFO | main.py | on_ready |     Arun Testing Co. (ID: 834213187468394517)
30/03/2022 17:15:53.511 | INFO | main.py | on_ready |     Arun Shipping Co. (ID: 870789318501871706)
30/03/2022 17:15:58.772 | DEBUG | main.py | on_message | Message sent by MUIArun
30/03/2022 17:17:56.326 | DEBUG | main.py | on_ready | Connected!
30/03/2022 17:17:56.327 | INFO | main.py | on_ready | MR Bill is ready (finished on_ready)
30/03/2022 17:17:56.327 | INFO | main.py | on_ready | MR Bill is ready (commencing on_ready)
30/03/2022 17:17:56.327 | INFO | main.py | on_ready | MR Bill is connected to the following guilds:
30/03/2022 17:17:56.328 | INFO | main.py | on_ready |     Arun Testing Co. (ID: 834213187468394517)
30/03/2022 17:17:56.328 | INFO | main.py | on_ready |     Arun Shipping Co. (ID: 870789318501871706)
30/03/2022 17:18:00.333 | DEBUG | main.py | on_message | Message sent by MUIArun
30/03/2022 17:18:00.512 | DEBUG | main.py | on_message | Message sent by MR Bill
30/03/2022 17:18:27.009 | DEBUG | main.py | on_ready | Connected!
30/03/2022 17:18:27.009 | INFO | main.py | on_ready | MR Bill is ready (finished on_ready)
30/03/2022 17:18:27.010 | INFO | main.py | on_ready | MR Bill is ready (commencing on_ready)
30/03/2022 17:18:27.010 | INFO | main.py | on_ready | MR Bill is connected to the following guilds:
30/03/2022 17:18:27.010 | INFO | main.py | on_ready |     Arun Testing Co. (ID: 834213187468394517)
30/03/2022 17:18:27.010 | INFO | main.py | on_ready |     Arun Shipping Co. (ID: 870789318501871706)
30/03/2022 17:18:30.399 | DEBUG | main.py | on_message | Message sent by MUIArun
30/03/2022 17:18:30.628 | DEBUG | main.py | on_message | Message sent by MR Bill
30/03/2022 17:18:52.439 | DEBUG | main.py | on_ready | Connected!
30/03/2022 17:18:52.439 | INFO | main.py | on_ready | MR Bill is ready (finished on_ready)
30/03/2022 17:18:52.439 | INFO | main.py | on_ready | MR Bill is ready (commencing on_ready)
30/03/2022 17:18:52.440 | INFO | main.py | on_ready | MR Bill is connected to the following guilds:
30/03/2022 17:18:52.440 | INFO | main.py | on_ready |     Arun Testing Co. (ID: 834213187468394517)
30/03/2022 17:18:52.440 | INFO | main.py | on_ready |     Arun Shipping Co. (ID: 870789318501871706)
30/03/2022 17:18:55.274 | DEBUG | main.py | on_message | Message sent by MUIArun
30/03/2022 17:20:42.009 | DEBUG | main.py | on_ready | Connected!
30/03/2022 17:20:42.010 | INFO | main.py | on_ready | MR Bill is ready (finished on_ready)
30/03/2022 17:20:42.010 | INFO | main.py | on_ready | MR Bill is ready (commencing on_ready)
30/03/2022 17:20:42.010 | INFO | main.py | on_ready | MR Bill is connected to the following guilds:
30/03/2022 17:20:42.010 | INFO | main.py | on_ready |     Arun Testing Co. (ID: 834213187468394517)
30/03/2022 17:20:42.011 | INFO | main.py | on_ready |     Arun Shipping Co. (ID: 870789318501871706)
30/03/2022 17:20:47.040 | DEBUG | main.py | on_message | Message sent by MUIArun
30/03/2022 17:20:47.269 | DEBUG | main.py | on_message | Message sent by MR Bill
30/03/2022 17:20:51.597 | DEBUG | main.py | on_message | Message sent by MUIArun
30/03/2022 17:20:51.800 | DEBUG | main.py | on_message | Message sent by MR Bill
30/03/2022 17:20:53.017 | DEBUG | main.py | on_message | Message sent by MUIArun
30/03/2022 17:20:53.246 | DEBUG | main.py | on_message | Message sent by MR Bill
30/03/2022 17:22:10.320 | DEBUG | main.py | on_ready | Connected!
30/03/2022 17:22:10.321 | INFO | main.py | on_ready | MR Bill is ready (finished on_ready)
30/03/2022 17:22:10.321 | INFO | main.py | on_ready | MR Bill is ready (commencing on_ready)
30/03/2022 17:22:10.321 | INFO | main.py | on_ready | MR Bill is connected to the following guilds:
30/03/2022 17:22:10.321 | INFO | main.py | on_ready |     Arun Testing Co. (ID: 834213187468394517)
30/03/2022 17:22:10.321 | INFO | main.py | on_ready |     Arun Shipping Co. (ID: 870789318501871706)
30/03/2022 17:22:14.864 | DEBUG | main.py | on_message | Message sent by MUIArun
30/03/2022 17:22:15.106 | DEBUG | main.py | on_message | Message sent by MR Bill
30/03/2022 17:23:56.332 | DEBUG | main.py | on_ready | Connected!
30/03/2022 17:23:56.333 | INFO | main.py | on_ready | MR Bill is ready (finished on_ready)
30/03/2022 17:23:56.333 | INFO | main.py | on_ready | MR Bill is ready (commencing on_ready)
30/03/2022 17:23:56.333 | INFO | main.py | on_ready | MR Bill is connected to the following guilds:
30/03/2022 17:23:56.334 | INFO | main.py | on_ready |     Arun Testing Co. (ID: 834213187468394517)
30/03/2022 17:23:56.334 | INFO | main.py | on_ready |     Arun Shipping Co. (ID: 870789318501871706)
30/03/2022 17:24:04.337 | DEBUG | main.py | on_message | Message sent by MUIArun
30/03/2022 17:27:49.893 | INFO | main.py | on_disconnect | Bot disconnected
30/03/2022 17:27:57.976 | DEBUG | main.py | on_ready | Connected!
30/03/2022 17:27:57.977 | INFO | main.py | on_ready | Last disconnect was 2022-03-30 17:27:49.893581
30/03/2022 17:27:57.977 | INFO | main.py | on_ready | MR Bill is ready (finished on_ready)
30/03/2022 17:27:57.978 | INFO | main.py | on_ready | MR Bill is ready (commencing on_ready)
30/03/2022 17:27:57.978 | INFO | main.py | on_ready | MR Bill is connected to the following guilds:
30/03/2022 17:27:57.978 | INFO | main.py | on_ready |     Arun Testing Co. (ID: 834213187468394517)
30/03/2022 17:27:57.979 | INFO | main.py | on_ready |     Arun Shipping Co. (ID: 870789318501871706)
30/03/2022 17:28:09.164 | DEBUG | main.py | on_message | Message sent by MUIArun
30/03/2022 17:30:31.928 | DEBUG | main.py | on_ready | Connected!
30/03/2022 17:30:31.928 | INFO | main.py | on_ready | MR Bill is ready (finished on_ready)
30/03/2022 17:30:31.928 | INFO | main.py | on_ready | MR Bill is ready (commencing on_ready)
30/03/2022 17:30:31.928 | INFO | main.py | on_ready | MR Bill is connected to the following guilds:
30/03/2022 17:30:31.928 | INFO | main.py | on_ready |     Arun Testing Co. (ID: 834213187468394517)
30/03/2022 17:30:31.928 | INFO | main.py | on_ready |     Arun Shipping Co. (ID: 870789318501871706)
30/03/2022 17:30:34.824 | DEBUG | main.py | on_message | Message sent by MUIArun
30/03/2022 17:30:35.117 | DEBUG | main.py | on_message | Message sent by MR Bill
30/03/2022 17:30:36.193 | DEBUG | main.py | on_message | Message sent by MUIArun
30/03/2022 17:30:36.373 | DEBUG | main.py | on_message | Message sent by MR Bill
30/03/2022 17:30:38.765 | DEBUG | main.py | on_message | Message sent by MUIArun
30/03/2022 17:30:38.966 | DEBUG | main.py | on_message | Message sent by MR Bill
30/03/2022 17:30:58.134 | DEBUG | main.py | on_message | Message sent by MUIArun
30/03/2022 17:30:58.380 | DEBUG | main.py | on_message | Message sent by MR Bill
30/03/2022 17:31:01.974 | DEBUG | main.py | on_message | Message sent by MUIArun
30/03/2022 17:31:02.149 | DEBUG | main.py | on_message | Message sent by MR Bill
30/03/2022 17:35:29.862 | DEBUG | main.py | on_ready | Connected!
30/03/2022 17:35:29.863 | INFO | main.py | on_ready | MR Bill is ready (finished on_ready)
30/03/2022 17:35:29.863 | INFO | main.py | on_ready | MR Bill is ready (commencing on_ready)
30/03/2022 17:35:29.864 | INFO | main.py | on_ready | MR Bill is connected to the following guilds:
30/03/2022 17:35:29.864 | INFO | main.py | on_ready |     Arun Testing Co. (ID: 834213187468394517)
30/03/2022 17:35:29.864 | INFO | main.py | on_ready |     Arun Shipping Co. (ID: 870789318501871706)
30/03/2022 17:35:38.551 | DEBUG | main.py | on_message | Message sent by MUIArun
30/03/2022 17:35:38.734 | DEBUG | main.py | on_message | Message sent by MR Bill
30/03/2022 17:36:19.134 | DEBUG | main.py | on_message | Message sent by MUIArun
30/03/2022 17:36:19.429 | DEBUG | main.py | on_message | Message sent by MR Bill
30/03/2022 17:36:27.222 | DEBUG | main.py | on_message | Message sent by MUIArun
30/03/2022 17:36:27.457 | DEBUG | main.py | on_message | Message sent by MR Bill
30/03/2022 17:38:15.012 | DEBUG | main.py | on_message | Message sent by MUIArun
30/03/2022 17:38:16.421 | DEBUG | main.py | on_message | Message sent by MR Bill
30/03/2022 17:38:16.441 | INFO | main.py | on_message | `kill` called by MUIArun
30/03/2022 17:38:16.442 | DEBUG | main.py | get_uptime | Calculated uptime
30/03/2022 17:38:16.704 | INFO | main.py | on_disconnect | Bot disconnected
30/03/2022 17:38:40.945 | DEBUG | main.py | on_ready | Connected!
30/03/2022 17:38:40.945 | INFO | main.py | on_ready | MR Bill is ready (finished on_ready)
30/03/2022 17:38:40.945 | INFO | main.py | on_ready | MR Bill is ready (commencing on_ready)
30/03/2022 17:38:40.946 | INFO | main.py | on_ready | MR Bill is connected to the following guilds:
30/03/2022 17:38:40.946 | INFO | main.py | on_ready |     Arun Testing Co. (ID: 834213187468394517)
30/03/2022 17:38:40.946 | INFO | main.py | on_ready |     Arun Shipping Co. (ID: 870789318501871706)
30/03/2022 17:38:45.227 | DEBUG | main.py | on_message | Message sent by MUIArun
30/03/2022 17:38:45.469 | DEBUG | main.py | on_message | Message sent by MR Bill
30/03/2022 17:39:30.991 | DEBUG | main.py | on_ready | Connected!
30/03/2022 17:39:30.991 | INFO | main.py | on_ready | MR Bill is ready (finished on_ready)
30/03/2022 17:39:30.991 | INFO | main.py | on_ready | MR Bill is ready (commencing on_ready)
30/03/2022 17:39:30.991 | INFO | main.py | on_ready | MR Bill is connected to the following guilds:
30/03/2022 17:39:30.991 | INFO | main.py | on_ready |     Arun Testing Co. (ID: 834213187468394517)
30/03/2022 17:39:30.991 | INFO | main.py | on_ready |     Arun Shipping Co. (ID: 870789318501871706)
30/03/2022 17:39:32.889 | DEBUG | main.py | on_message | Message sent by MUIArun
30/03/2022 17:39:33.086 | DEBUG | main.py | on_message | Message sent by MR Bill
30/03/2022 17:40:54.761 | DEBUG | main.py | on_message | Message sent by MUIArun
30/03/2022 17:40:55.043 | DEBUG | main.py | on_message | Message sent by MR Bill
30/03/2022 17:41:39.004 | DEBUG | main.py | on_ready | Connected!
30/03/2022 17:41:39.005 | INFO | main.py | on_ready | MR Bill is ready (finished on_ready)
30/03/2022 17:41:39.006 | INFO | main.py | on_ready | MR Bill is ready (commencing on_ready)
30/03/2022 17:41:39.006 | INFO | main.py | on_ready | MR Bill is connected to the following guilds:
30/03/2022 17:41:39.007 | INFO | main.py | on_ready |     Arun Testing Co. (ID: 834213187468394517)
30/03/2022 17:41:39.008 | INFO | main.py | on_ready |     Arun Shipping Co. (ID: 870789318501871706)
30/03/2022 17:41:42.592 | DEBUG | main.py | on_message | Message sent by MUIArun
30/03/2022 17:42:27.983 | DEBUG | main.py | on_ready | Connected!
30/03/2022 17:42:27.984 | INFO | main.py | on_ready | MR Bill is ready (finished on_ready)
30/03/2022 17:42:27.984 | INFO | main.py | on_ready | MR Bill is ready (commencing on_ready)
30/03/2022 17:42:27.984 | INFO | main.py | on_ready | MR Bill is connected to the following guilds:
30/03/2022 17:42:27.985 | INFO | main.py | on_ready |     Arun Testing Co. (ID: 834213187468394517)
30/03/2022 17:42:27.985 | INFO | main.py | on_ready |     Arun Shipping Co. (ID: 870789318501871706)
30/03/2022 17:42:33.097 | DEBUG | main.py | on_message | Message sent by MUIArun
30/03/2022 17:42:34.987 | DEBUG | main.py | on_message | Message sent by MUIArun
30/03/2022 17:42:36.786 | DEBUG | main.py | on_message | Message sent by MUIArun
30/03/2022 17:42:36.980 | DEBUG | main.py | on_message | Message sent by MR Bill
30/03/2022 17:42:38.787 | DEBUG | main.py | on_message | Message sent by MUIArun
30/03/2022 17:45:35.490 | DEBUG | main.py | on_message | Message sent by MR Bill
30/03/2022 17:50:04.984 | DEBUG | main.py | on_message | Message sent by MUIArun
30/03/2022 17:50:16.683 | DEBUG | main.py | on_message | Message sent by MUIArun
30/03/2022 17:50:16.921 | DEBUG | main.py | on_message | Message sent by MR Bill
30/03/2022 17:50:46.793 | DEBUG | main.py | on_ready | Connected!
30/03/2022 17:50:46.793 | INFO | main.py | on_ready | MR Bill is ready (finished on_ready)
30/03/2022 17:50:46.793 | INFO | main.py | on_ready | MR Bill is ready (commencing on_ready)
30/03/2022 17:50:46.793 | INFO | main.py | on_ready | MR Bill is connected to the following guilds:
30/03/2022 17:50:46.793 | INFO | main.py | on_ready |     Humphrey's Bean Zone (ID: 808266016614121512)
30/03/2022 17:50:46.793 | INFO | main.py | on_ready |     Arun Testing Co. (ID: 834213187468394517)
30/03/2022 17:50:46.793 | INFO | main.py | on_ready |     Arun Shipping Co. (ID: 870789318501871706)
30/03/2022 17:51:00.046 | DEBUG | main.py | on_message | Message sent by MUIArun
30/03/2022 17:51:00.046 | INFO | main.py | on_message | `locate` called by MUIArun
30/03/2022 17:51:00.046 | DEBUG | main.py | get_uptime | Calculated uptime
30/03/2022 17:51:00.481 | DEBUG | main.py | on_message | Message sent by MR Bill
30/03/2022 17:56:25.415 | DEBUG | main.py | on_ready | Connected!
30/03/2022 17:56:25.415 | INFO | main.py | on_ready | MR Bill is ready (finished on_ready)
30/03/2022 17:56:25.415 | INFO | main.py | on_ready | MR Bill is ready (commencing on_ready)
30/03/2022 17:56:25.416 | INFO | main.py | on_ready | MR Bill is connected to the following guilds:
30/03/2022 17:56:25.416 | INFO | main.py | on_ready |     Humphrey's Bean Zone (ID: 808266016614121512)
30/03/2022 17:56:25.416 | INFO | main.py | on_ready |     Arun Testing Co. (ID: 834213187468394517)
30/03/2022 17:56:25.416 | INFO | main.py | on_ready |     Arun Shipping Co. (ID: 870789318501871706)
30/03/2022 17:56:39.533 | DEBUG | main.py | on_message | Message sent by MUIArun
30/03/2022 17:57:59.846 | DEBUG | main.py | on_ready | Connected!
30/03/2022 17:57:59.846 | INFO | main.py | on_ready | MR Bill is ready (finished on_ready)
30/03/2022 17:57:59.846 | INFO | main.py | on_ready | MR Bill is ready (commencing on_ready)
30/03/2022 17:57:59.846 | INFO | main.py | on_ready | MR Bill is connected to the following guilds:
30/03/2022 17:57:59.846 | INFO | main.py | on_ready |     Humphrey's Bean Zone (ID: 808266016614121512)
30/03/2022 17:57:59.846 | INFO | main.py | on_ready |     Arun Testing Co. (ID: 834213187468394517)
30/03/2022 17:57:59.846 | INFO | main.py | on_ready |     Arun Shipping Co. (ID: 870789318501871706)
30/03/2022 17:58:04.768 | DEBUG | main.py | on_message | Message sent by MUIArun
30/03/2022 18:00:57.383 | DEBUG | main.py | on_message | Message sent by MUIArun
30/03/2022 18:01:10.497 | DEBUG | main.py | on_ready | Connected!
30/03/2022 18:01:10.497 | INFO | main.py | on_ready | MR Bill is ready (finished on_ready)
30/03/2022 18:01:10.498 | INFO | main.py | on_ready | MR Bill is ready (commencing on_ready)
30/03/2022 18:01:10.498 | INFO | main.py | on_ready | MR Bill is connected to the following guilds:
30/03/2022 18:01:10.498 | INFO | main.py | on_ready |     Humphrey's Bean Zone (ID: 808266016614121512)
30/03/2022 18:01:10.498 | INFO | main.py | on_ready |     Arun Testing Co. (ID: 834213187468394517)
30/03/2022 18:01:10.499 | INFO | main.py | on_ready |     Arun Shipping Co. (ID: 870789318501871706)
30/03/2022 18:01:17.762 | DEBUG | main.py | on_message | Message sent by MUIArun
30/03/2022 18:02:01.534 | DEBUG | main.py | on_message | Message sent by MUIArun
30/03/2022 18:03:18.933 | DEBUG | main.py | on_ready | Connected!
30/03/2022 18:03:18.933 | INFO | main.py | on_ready | MR Bill is ready (finished on_ready)
30/03/2022 18:03:18.934 | INFO | main.py | on_ready | MR Bill is ready (commencing on_ready)
30/03/2022 18:03:18.934 | INFO | main.py | on_ready | MR Bill is connected to the following guilds:
30/03/2022 18:03:18.934 | INFO | main.py | on_ready |     Humphrey's Bean Zone (ID: 808266016614121512)
30/03/2022 18:03:18.934 | INFO | main.py | on_ready |     Arun Testing Co. (ID: 834213187468394517)
30/03/2022 18:03:18.934 | INFO | main.py | on_ready |     Arun Shipping Co. (ID: 870789318501871706)
30/03/2022 18:03:23.314 | DEBUG | main.py | on_message | Message sent by MUIArun
30/03/2022 18:04:31.368 | DEBUG | main.py | on_ready | Connected!
30/03/2022 18:04:31.368 | INFO | main.py | on_ready | MR Bill is ready (finished on_ready)
30/03/2022 18:04:31.368 | INFO | main.py | on_ready | MR Bill is ready (commencing on_ready)
30/03/2022 18:04:31.368 | INFO | main.py | on_ready | MR Bill is connected to the following guilds:
30/03/2022 18:04:31.368 | INFO | main.py | on_ready |     Humphrey's Bean Zone (ID: 808266016614121512)
30/03/2022 18:04:31.368 | INFO | main.py | on_ready |     Arun Testing Co. (ID: 834213187468394517)
30/03/2022 18:04:31.369 | INFO | main.py | on_ready |     Arun Shipping Co. (ID: 870789318501871706)
30/03/2022 18:04:36.125 | DEBUG | main.py | on_message | Message sent by MUIArun
30/03/2022 18:08:02.281 | DEBUG | main.py | on_ready | Connected!
30/03/2022 18:08:02.281 | INFO | main.py | on_ready | MR Bill is ready (finished on_ready)
30/03/2022 18:08:02.282 | INFO | main.py | on_ready | MR Bill is ready (commencing on_ready)
30/03/2022 18:08:02.282 | INFO | main.py | on_ready | MR Bill is connected to the following guilds:
30/03/2022 18:08:02.282 | INFO | main.py | on_ready |     Humphrey's Bean Zone (ID: 808266016614121512)
30/03/2022 18:08:02.282 | INFO | main.py | on_ready |     Arun Testing Co. (ID: 834213187468394517)
30/03/2022 18:08:02.282 | INFO | main.py | on_ready |     Arun Shipping Co. (ID: 870789318501871706)
30/03/2022 18:08:10.121 | DEBUG | main.py | on_message | Message sent by MUIArun
30/03/2022 18:08:28.041 | DEBUG | main.py | on_ready | Connected!
30/03/2022 18:08:28.041 | INFO | main.py | on_ready | MR Bill is ready (finished on_ready)
30/03/2022 18:08:28.041 | INFO | main.py | on_ready | MR Bill is ready (commencing on_ready)
30/03/2022 18:08:28.041 | INFO | main.py | on_ready | MR Bill is connected to the following guilds:
30/03/2022 18:08:28.042 | INFO | main.py | on_ready |     Humphrey's Bean Zone (ID: 808266016614121512)
30/03/2022 18:08:28.042 | INFO | main.py | on_ready |     Arun Testing Co. (ID: 834213187468394517)
30/03/2022 18:08:28.042 | INFO | main.py | on_ready |     Arun Shipping Co. (ID: 870789318501871706)
30/03/2022 18:08:31.548 | DEBUG | main.py | on_message | Message sent by MUIArun
30/03/2022 18:11:54.931 | DEBUG | main.py | on_ready | Connected!
30/03/2022 18:11:54.931 | INFO | main.py | on_ready | MR Bill is ready (finished on_ready)
30/03/2022 18:11:54.931 | INFO | main.py | on_ready | MR Bill is ready (commencing on_ready)
30/03/2022 18:11:54.931 | INFO | main.py | on_ready | MR Bill is connected to the following guilds:
30/03/2022 18:11:54.931 | INFO | main.py | on_ready |     Humphrey's Bean Zone (ID: 808266016614121512)
30/03/2022 18:11:54.931 | INFO | main.py | on_ready |     Arun Testing Co. (ID: 834213187468394517)
30/03/2022 18:11:54.932 | INFO | main.py | on_ready |     Arun Shipping Co. (ID: 870789318501871706)
30/03/2022 18:12:01.365 | DEBUG | main.py | on_message | Message sent by MUIArun
30/03/2022 18:12:19.458 | DEBUG | main.py | on_ready | Connected!
30/03/2022 18:12:19.458 | INFO | main.py | on_ready | MR Bill is ready (finished on_ready)
30/03/2022 18:12:19.458 | INFO | main.py | on_ready | MR Bill is ready (commencing on_ready)
30/03/2022 18:12:19.458 | INFO | main.py | on_ready | MR Bill is connected to the following guilds:
30/03/2022 18:12:19.458 | INFO | main.py | on_ready |     Humphrey's Bean Zone (ID: 808266016614121512)
30/03/2022 18:12:19.458 | INFO | main.py | on_ready |     Arun Testing Co. (ID: 834213187468394517)
30/03/2022 18:12:19.458 | INFO | main.py | on_ready |     Arun Shipping Co. (ID: 870789318501871706)
30/03/2022 18:12:26.184 | DEBUG | main.py | on_message | Message sent by MUIArun
30/03/2022 18:13:06.751 | DEBUG | main.py | on_ready | Connected!
30/03/2022 18:13:06.751 | INFO | main.py | on_ready | MR Bill is ready (finished on_ready)
30/03/2022 18:13:06.751 | INFO | main.py | on_ready | MR Bill is ready (commencing on_ready)
30/03/2022 18:13:06.752 | INFO | main.py | on_ready | MR Bill is connected to the following guilds:
30/03/2022 18:13:06.752 | INFO | main.py | on_ready |     Humphrey's Bean Zone (ID: 808266016614121512)
30/03/2022 18:13:06.752 | INFO | main.py | on_ready |     Arun Testing Co. (ID: 834213187468394517)
30/03/2022 18:13:06.752 | INFO | main.py | on_ready |     Arun Shipping Co. (ID: 870789318501871706)
30/03/2022 18:13:10.971 | DEBUG | main.py | on_message | Message sent by MUIArun
30/03/2022 18:13:11.491 | DEBUG | main.py | on_message | Message sent by MR Bill
30/03/2022 18:13:17.556 | DEBUG | main.py | on_message | Message sent by MUIArun
30/03/2022 18:13:21.312 | DEBUG | main.py | on_message | Message sent by MUIArun
30/03/2022 18:13:58.624 | DEBUG | main.py | on_ready | Connected!
30/03/2022 18:13:58.625 | INFO | main.py | on_ready | MR Bill is ready (finished on_ready)
30/03/2022 18:13:58.625 | INFO | main.py | on_ready | MR Bill is ready (commencing on_ready)
30/03/2022 18:13:58.625 | INFO | main.py | on_ready | MR Bill is connected to the following guilds:
30/03/2022 18:13:58.625 | INFO | main.py | on_ready |     Humphrey's Bean Zone (ID: 808266016614121512)
30/03/2022 18:13:58.625 | INFO | main.py | on_ready |     Arun Testing Co. (ID: 834213187468394517)
30/03/2022 18:13:58.625 | INFO | main.py | on_ready |     Arun Shipping Co. (ID: 870789318501871706)
30/03/2022 18:14:01.456 | DEBUG | main.py | on_message | Message sent by MUIArun
30/03/2022 18:14:54.117 | DEBUG | main.py | on_ready | Connected!
30/03/2022 18:14:54.118 | INFO | main.py | on_ready | MR Bill is ready (finished on_ready)
30/03/2022 18:14:54.118 | INFO | main.py | on_ready | MR Bill is ready (commencing on_ready)
30/03/2022 18:14:54.118 | INFO | main.py | on_ready | MR Bill is connected to the following guilds:
30/03/2022 18:14:54.118 | INFO | main.py | on_ready |     Humphrey's Bean Zone (ID: 808266016614121512)
30/03/2022 18:14:54.118 | INFO | main.py | on_ready |     Arun Testing Co. (ID: 834213187468394517)
30/03/2022 18:14:54.119 | INFO | main.py | on_ready |     Arun Shipping Co. (ID: 870789318501871706)
30/03/2022 18:14:59.000 | DEBUG | main.py | on_message | Message sent by MUIArun
30/03/2022 18:15:15.052 | DEBUG | main.py | on_ready | Connected!
30/03/2022 18:15:15.053 | INFO | main.py | on_ready | MR Bill is ready (finished on_ready)
30/03/2022 18:15:15.053 | INFO | main.py | on_ready | MR Bill is ready (commencing on_ready)
30/03/2022 18:15:15.053 | INFO | main.py | on_ready | MR Bill is connected to the following guilds:
30/03/2022 18:15:15.053 | INFO | main.py | on_ready |     Humphrey's Bean Zone (ID: 808266016614121512)
30/03/2022 18:15:15.053 | INFO | main.py | on_ready |     Arun Testing Co. (ID: 834213187468394517)
30/03/2022 18:15:15.053 | INFO | main.py | on_ready |     Arun Shipping Co. (ID: 870789318501871706)
30/03/2022 18:15:18.383 | DEBUG | main.py | on_message | Message sent by MUIArun
30/03/2022 18:15:36.140 | DEBUG | main.py | on_ready | Connected!
30/03/2022 18:15:36.141 | INFO | main.py | on_ready | MR Bill is ready (finished on_ready)
30/03/2022 18:15:36.141 | INFO | main.py | on_ready | MR Bill is ready (commencing on_ready)
30/03/2022 18:15:36.141 | INFO | main.py | on_ready | MR Bill is connected to the following guilds:
30/03/2022 18:15:36.142 | INFO | main.py | on_ready |     Humphrey's Bean Zone (ID: 808266016614121512)
30/03/2022 18:15:36.142 | INFO | main.py | on_ready |     Arun Testing Co. (ID: 834213187468394517)
30/03/2022 18:15:36.142 | INFO | main.py | on_ready |     Arun Shipping Co. (ID: 870789318501871706)
30/03/2022 18:15:40.142 | DEBUG | main.py | on_message | Message sent by MUIArun
30/03/2022 18:16:40.913 | DEBUG | main.py | on_ready | Connected!
30/03/2022 18:16:40.913 | INFO | main.py | on_ready | MR Bill is ready (finished on_ready)
30/03/2022 18:16:40.913 | INFO | main.py | on_ready | MR Bill is ready (commencing on_ready)
30/03/2022 18:16:40.913 | INFO | main.py | on_ready | MR Bill is connected to the following guilds:
30/03/2022 18:16:40.913 | INFO | main.py | on_ready |     Humphrey's Bean Zone (ID: 808266016614121512)
30/03/2022 18:16:40.913 | INFO | main.py | on_ready |     Arun Testing Co. (ID: 834213187468394517)
30/03/2022 18:16:40.913 | INFO | main.py | on_ready |     Arun Shipping Co. (ID: 870789318501871706)
30/03/2022 18:16:47.582 | DEBUG | main.py | on_message | Message sent by MUIArun
30/03/2022 18:17:25.278 | DEBUG | main.py | on_ready | Connected!
30/03/2022 18:17:25.278 | INFO | main.py | on_ready | MR Bill is ready (finished on_ready)
30/03/2022 18:17:25.278 | INFO | main.py | on_ready | MR Bill is ready (commencing on_ready)
30/03/2022 18:17:25.279 | INFO | main.py | on_ready | MR Bill is connected to the following guilds:
30/03/2022 18:17:25.279 | INFO | main.py | on_ready |     Humphrey's Bean Zone (ID: 808266016614121512)
30/03/2022 18:17:25.279 | INFO | main.py | on_ready |     Arun Testing Co. (ID: 834213187468394517)
30/03/2022 18:17:25.279 | INFO | main.py | on_ready |     Arun Shipping Co. (ID: 870789318501871706)
30/03/2022 18:17:29.588 | DEBUG | main.py | on_message | Message sent by MUIArun
30/03/2022 18:17:30.102 | DEBUG | main.py | on_message | Message sent by MR Bill
30/03/2022 18:17:41.717 | DEBUG | main.py | on_message | Message sent by MUIArun
30/03/2022 18:17:41.910 | DEBUG | main.py | on_message | Message sent by MR Bill
30/03/2022 19:18:32.392 | DEBUG | main.py | on_message | Message sent by MUIArun
30/03/2022 19:18:37.895 | DEBUG | main.py | on_message | Message sent by MUIArun
30/03/2022 19:18:59.286 | DEBUG | main.py | on_message | Message sent by MUIArun
30/03/2022 19:18:59.569 | DEBUG | main.py | on_message | Message sent by MR Bill
30/03/2022 20:25:07.408 | INFO | main.py | on_disconnect | Bot disconnected
30/03/2022 21:22:20.638 | DEBUG | main.py | on_message | Message sent by IkelosOne
30/03/2022 21:22:37.764 | DEBUG | main.py | on_message | Message sent by IkelosOne
30/03/2022 21:23:08.133 | DEBUG | main.py | on_message | Message sent by IkelosOne
30/03/2022 21:28:09.175 | DEBUG | main.py | on_message | Message sent by MUIArun
30/03/2022 21:28:15.329 | DEBUG | main.py | on_message | Message sent by MUIArun
30/03/2022 21:28:24.687 | DEBUG | main.py | on_message | Message sent by MUIArun
30/03/2022 21:29:01.725 | DEBUG | main.py | on_message | Message sent by MUIArun
30/03/2022 21:29:14.509 | DEBUG | main.py | on_message | Message sent by MUIArun
30/03/2022 21:29:23.490 | DEBUG | main.py | on_message | Message sent by MUIArun
30/03/2022 21:29:27.989 | DEBUG | main.py | on_message | Message sent by MUIArun
30/03/2022 21:29:34.905 | DEBUG | main.py | on_message | Message sent by MUIArun
30/03/2022 21:29:43.361 | DEBUG | main.py | on_message | Message sent by MUIArun
30/03/2022 22:17:49.988 | DEBUG | main.py | on_message | Message sent by IkelosOne
30/03/2022 22:17:58.376 | DEBUG | main.py | on_message | Message sent by IkelosOne
30/03/2022 22:18:21.820 | DEBUG | main.py | on_message | Message sent by IkelosOne
30/03/2022 22:18:52.147 | DEBUG | main.py | on_message | Message sent by IkelosOne
30/03/2022 22:31:41.048 | DEBUG | main.py | on_message | Message sent by MUIArun
30/03/2022 22:32:19.260 | DEBUG | main.py | on_message | Message sent by MUIArun
30/03/2022 22:32:40.544 | DEBUG | main.py | on_message | Message sent by MUIArun
30/03/2022 22:33:10.740 | DEBUG | main.py | on_message | Message sent by MUIArun
31/03/2022 18:40:23.568 | DEBUG | main.py | on_ready | Connected!
31/03/2022 18:40:23.589 | INFO | main.py | on_ready | MR Bill is ready (finished on_ready)
31/03/2022 18:40:23.590 | INFO | main.py | on_ready | MR Bill is ready (commencing on_ready)
31/03/2022 18:40:23.590 | INFO | main.py | on_ready | MR Bill is connected to the following guilds:
31/03/2022 18:40:23.590 | INFO | main.py | on_ready |     Humphrey's Bean Zone (ID: 808266016614121512)
31/03/2022 18:40:23.590 | INFO | main.py | on_ready |     Arun Testing Co. (ID: 834213187468394517)
31/03/2022 18:40:23.591 | INFO | main.py | on_ready |     Arun Shipping Co. (ID: 870789318501871706)
31/03/2022 19:05:22.763 | INFO | main.py | on_disconnect | Bot disconnected
31/03/2022 19:36:14.636 | DEBUG | main.py | on_message | Message sent by MUIArun
01/04/2022 14:20:10.033 | DEBUG | main.py | on_ready | Connected!
01/04/2022 14:20:10.033 | INFO | main.py | on_ready | MR Bill is ready (finished on_ready)
01/04/2022 14:20:10.034 | INFO | main.py | on_ready | MR Bill is ready (commencing on_ready)
01/04/2022 14:20:10.034 | INFO | main.py | on_ready | MR Bill is connected to the following guilds:
01/04/2022 14:20:10.034 | INFO | main.py | on_ready |     Humphrey's Bean Zone (ID: 808266016614121512)
01/04/2022 14:20:10.034 | INFO | main.py | on_ready |     Arun Testing Co. (ID: 834213187468394517)
01/04/2022 14:20:10.035 | INFO | main.py | on_ready |     Arun Shipping Co. (ID: 870789318501871706)
01/04/2022 14:20:23.577 | DEBUG | main.py | on_message | Message sent by MUIArun
01/04/2022 14:20:35.486 | DEBUG | main.py | on_message | Message sent by MUIArun
01/04/2022 14:20:35.813 | DEBUG | main.py | on_message | Message sent by MR Bill
01/04/2022 14:22:58.082 | DEBUG | main.py | on_ready | Connected!
01/04/2022 14:22:58.083 | INFO | main.py | on_ready | MR Bill is ready (finished on_ready)
01/04/2022 14:22:58.083 | INFO | main.py | on_ready | MR Bill is ready (commencing on_ready)
01/04/2022 14:22:58.083 | INFO | main.py | on_ready | MR Bill is connected to the following guilds:
01/04/2022 14:22:58.083 | INFO | main.py | on_ready |     Humphrey's Bean Zone (ID: 808266016614121512)
01/04/2022 14:22:58.083 | INFO | main.py | on_ready |     Arun Testing Co. (ID: 834213187468394517)
01/04/2022 14:22:58.083 | INFO | main.py | on_ready |     Arun Shipping Co. (ID: 870789318501871706)
01/04/2022 15:23:51.330 | INFO | main.py | on_disconnect | Bot disconnected
01/04/2022 15:37:52.842 | DEBUG | main.py | on_ready | Connected!
01/04/2022 15:37:52.843 | INFO | main.py | on_ready | MR Bill is ready (finished on_ready)
01/04/2022 15:37:52.843 | INFO | main.py | on_ready | MR Bill is ready (commencing on_ready)
01/04/2022 15:37:52.844 | INFO | main.py | on_ready | MR Bill is connected to the following guilds:
01/04/2022 15:37:52.844 | INFO | main.py | on_ready |     Humphrey's Bean Zone (ID: 808266016614121512)
01/04/2022 15:37:52.844 | INFO | main.py | on_ready |     Arun Testing Co. (ID: 834213187468394517)
01/04/2022 15:37:52.844 | INFO | main.py | on_ready |     Arun Shipping Co. (ID: 870789318501871706)
01/04/2022 15:38:13.675 | DEBUG | main.py | on_message | Message sent by MUIArun
01/04/2022 15:38:13.909 | DEBUG | main.py | on_message | Message sent by MR Bill
01/04/2022 15:38:27.598 | DEBUG | main.py | on_message | Message sent by MUIArun
01/04/2022 15:38:33.066 | DEBUG | main.py | on_message | Message sent by MUIArun
01/04/2022 15:38:34.334 | DEBUG | main.py | on_message | Message sent by MUIArun
01/04/2022 16:48:29.315 | INFO | main.py | on_disconnect | Bot disconnected
01/04/2022 17:09:18.139 | DEBUG | main.py | on_message | Message sent by IkelosOne
01/04/2022 21:52:17.344 | DEBUG | main.py | on_ready | Connected!
01/04/2022 21:52:17.344 | INFO | main.py | on_ready | MR Bill is ready (finished on_ready)
01/04/2022 21:52:17.344 | INFO | main.py | on_ready | MR Bill is ready (commencing on_ready)
01/04/2022 21:52:17.344 | INFO | main.py | on_ready | MR Bill is connected to the following guilds:
01/04/2022 21:52:17.344 | INFO | main.py | on_ready |     Humphrey's Bean Zone (ID: 808266016614121512)
01/04/2022 21:52:17.344 | INFO | main.py | on_ready |     Arun Testing Co. (ID: 834213187468394517)
01/04/2022 21:52:17.344 | INFO | main.py | on_ready |     Arun Shipping Co. (ID: 870789318501871706)
01/04/2022 22:01:46.260 | DEBUG | main.py | on_message | Message sent by cameronjs.ugp
01/04/2022 22:01:46.563 | DEBUG | main.py | on_message | Message sent by MR Bill
01/04/2022 22:01:56.952 | DEBUG | main.py | on_message | Message sent by cameronjs.ugp
01/04/2022 22:06:28.600 | DEBUG | main.py | on_message | Message sent by cameronjs.ugp
01/04/2022 22:23:10.356 | DEBUG | main.py | on_message | Message sent by BigLocus
01/04/2022 22:25:05.520 | DEBUG | main.py | on_message | Message sent by BigLocus
01/04/2022 22:25:05.770 | DEBUG | main.py | on_message | Message sent by MR Bill
01/04/2022 22:27:47.094 | DEBUG | main.py | on_message | Message sent by BigLocus
01/04/2022 22:28:13.662 | DEBUG | main.py | on_message | Message sent by BigLocus
01/04/2022 22:28:33.034 | DEBUG | main.py | on_message | Message sent by BigLocus
01/04/2022 22:28:33.612 | DEBUG | main.py | on_message | Message sent by MR Bill
01/04/2022 23:36:44.853 | DEBUG | main.py | on_message | Message sent by IkelosOne
01/04/2022 23:37:11.664 | DEBUG | main.py | on_message | Message sent by IkelosOne
01/04/2022 23:37:19.393 | DEBUG | main.py | on_message | Message sent by IkelosOne
01/04/2022 23:37:49.923 | DEBUG | main.py | on_message | Message sent by IkelosOne
01/04/2022 23:48:03.344 | DEBUG | main.py | on_message | Message sent by MUIArun
01/04/2022 23:48:14.071 | DEBUG | main.py | on_message | Message sent by MUIArun
01/04/2022 23:48:18.508 | DEBUG | main.py | on_message | Message sent by MUIArun
01/04/2022 23:48:49.537 | DEBUG | main.py | on_message | Message sent by MUIArun
